[0312/185214:ERROR:process_info.cc(608)] range at 0xfffde000, size 0x230 fully unreadable
[0312/185214:ERROR:process_info.cc(608)] range at 0xfffde000, size 0x230 fully unreadable
[0312/185214:ERROR:process_info.cc(608)] range at 0xfffde000, size 0x230 fully unreadable
[0312/185214:ERROR:process_reader_win.cc(82)] NtQuerySystemInformation: {Not Enough Quota} Not enough virtual memory or paging file quota is available to complete the specified operation.  (0xc0000017)
[0312/185214:ERROR:exception_snapshot_win.cc(56)] thread ID 35268 not found in process
[0312/185214:WARNING:crash_report_exception_handler.cc(60)] ProcessSnapshotWin::InitializeException failed
[0312/185218:ERROR:process_info.cc(608)] range at 0xfffde000, size 0x230 fully unreadable
[0312/185224:ERROR:scoped_process_suspend.cc(29)] NtSuspendProcess, ntstatus=-1073741558
[0312/185224:ERROR:process_info.cc(103)] ReadProcessMemory bool __cdecl crashpad::`anonymous-namespace'::ReadStruct<struct crashpad::process_types::PEB<struct crashpad::process_types::internal::Traits32>>(void *,unsigned __int64,struct crashpad::process_types::PEB<struct crashpad::process_types::internal::Traits32> *): Only part of a ReadProcessMemory or WriteProcessMemory request was completed. (0x12B)
[0312/185224:ERROR:process_info.cc(542)] ReadProcessData failed
[0312/185224:ERROR:process_info.cc(608)] range at 0x0, size 0x230 fully unreadable
[0312/185224:ERROR:process_reader_win.cc(232)] ReadMemory at 0x0 of 560 bytes failed: Only part of a ReadProcessMemory or WriteProcessMemory request was completed. (0x12B)
[0312/185224:ERROR:process_snapshot_win.cc(271)] ReadMemory PEB
[0312/185224:ERROR:process_reader_win.cc(98)] process 59528 not found
[0312/185224:ERROR:process_reader_win.cc(232)] ReadMemory at 0x122c154 of 12 bytes failed: Only part of a ReadProcessMemory or WriteProcessMemory request was completed. (0x12B)
[0312/185224:WARNING:process_snapshot_win.cc(89)] ReadMemory ExceptionInformation failed
[0312/185224:WARNING:crash_report_exception_handler.cc(60)] ProcessSnapshotWin::InitializeException failed
[0312/185224:ERROR:scoped_process_suspend.cc(38)] NtResumeProcess, ntstatus=-1073741558
[0312/185224:ERROR:process_info.cc(608)] range at 0xfffde000, size 0x230 fully unreadable
[0312/185224:ERROR:process_info.cc(608)] range at 0xfffde000, size 0x230 fully unreadable
[0312/185224:ERROR:process_info.cc(608)] range at 0xfffdd000, size 0xf84 fully unreadable
[0312/185224:ERROR:process_info.cc(608)] range at 0xfffda000, size 0xf84 fully unreadable
[0312/185224:ERROR:process_info.cc(608)] range at 0xfffd7000, size 0xf84 fully unreadable
[0312/185224:ERROR:process_info.cc(608)] range at 0xfffaf000, size 0xf84 fully unreadable
[0312/185224:ERROR:process_info.cc(608)] range at 0xfffac000, size 0xf84 fully unreadable
[0312/185224:ERROR:process_info.cc(608)] range at 0xfffa9000, size 0xf84 fully unreadable
[0312/185224:ERROR:process_info.cc(608)] range at 0xfffa6000, size 0xf84 fully unreadable
[0312/185224:ERROR:process_info.cc(608)] range at 0xfffdd000, size 0xf84 fully unreadable
[0312/185224:ERROR:process_info.cc(608)] range at 0xfffde000, size 0x230 fully unreadable
[0312/185224:ERROR:process_info.cc(608)] range at 0xfffdd000, size 0xf84 fully unreadable
[0312/190217:ERROR:process_info.cc(608)] range at 0xfffde000, size 0x230 fully unreadable
[0312/190217:ERROR:process_info.cc(608)] range at 0xfffde000, size 0x230 fully unreadable
[0312/190217:ERROR:process_info.cc(608)] range at 0xfffde000, size 0x230 fully unreadable
[0312/190217:ERROR:process_reader_win.cc(82)] NtQuerySystemInformation: {Not Enough Quota} Not enough virtual memory or paging file quota is available to complete the specified operation.  (0xc0000017)
[0312/190217:ERROR:exception_snapshot_win.cc(56)] thread ID 11208 not found in process
[0312/190217:WARNING:crash_report_exception_handler.cc(60)] ProcessSnapshotWin::InitializeException failed
[0312/190217:ERROR:process_info.cc(608)] range at 0xfffde000, size 0x230 fully unreadable
[0312/190217:ERROR:process_info.cc(608)] range at 0xfffdd000, size 0xf84 fully unreadable
[0312/190217:ERROR:process_info.cc(608)] range at 0xfffda000, size 0xf84 fully unreadable
[0312/190217:ERROR:process_info.cc(608)] range at 0xfffd7000, size 0xf84 fully unreadable
[0312/190217:ERROR:process_info.cc(608)] range at 0xfffaf000, size 0xf84 fully unreadable
[0312/190217:ERROR:process_info.cc(608)] range at 0xfffac000, size 0xf84 fully unreadable
[0312/190217:ERROR:process_info.cc(608)] range at 0xfffa9000, size 0xf84 fully unreadable
[0312/190217:ERROR:process_info.cc(608)] range at 0xfffa6000, size 0xf84 fully unreadable
[0312/190217:ERROR:process_info.cc(608)] range at 0xfffa3000, size 0xf84 fully unreadable
[0312/190217:ERROR:process_info.cc(608)] range at 0xfffa0000, size 0xf84 fully unreadable
[0312/190217:ERROR:process_info.cc(608)] range at 0xfffde000, size 0x230 fully unreadable
[0312/190217:ERROR:process_info.cc(608)] range at 0xfffdd000, size 0xf84 fully unreadable
[0312/190217:ERROR:process_info.cc(608)] range at 0xfffda000, size 0xf84 fully unreadable
[0312/190217:ERROR:process_info.cc(608)] range at 0xfffd7000, size 0xf84 fully unreadable
[0312/190217:ERROR:process_info.cc(608)] range at 0xfffaf000, size 0xf84 fully unreadable
[0312/190217:ERROR:process_info.cc(372)] NtQuerySystemInformation SystemExtendedHandleInformation: {Not Enough Quota} Not enough virtual memory or paging file quota is available to complete the specified operation.  (0xc0000017)
[0312/190218:ERROR:process_info.cc(608)] range at 0xfffde000, size 0x230 fully unreadable
[0312/190218:ERROR:process_info.cc(608)] range at 0xfffde000, size 0x230 fully unreadable
[0312/190218:ERROR:process_info.cc(608)] range at 0xfffdd000, size 0xf84 fully unreadable
[0312/190218:ERROR:process_info.cc(608)] range at 0xfffda000, size 0xf84 fully unreadable
[0312/190218:ERROR:process_info.cc(608)] range at 0xfffd7000, size 0xf84 fully unreadable
[0312/190218:ERROR:process_info.cc(608)] range at 0xfffaf000, size 0xf84 fully unreadable
[0312/190218:ERROR:process_info.cc(608)] range at 0xfffde000, size 0x230 fully unreadable
[0312/190218:ERROR:process_info.cc(608)] range at 0xfffdd000, size 0xf84 fully unreadable
[0312/190218:ERROR:process_info.cc(608)] range at 0xfffda000, size 0xf84 fully unreadable
[0312/190218:ERROR:process_info.cc(608)] range at 0xfffd7000, size 0xf84 fully unreadable
[0312/190218:ERROR:process_info.cc(608)] range at 0xfffaf000, size 0xf84 fully unreadable
[0312/190218:ERROR:process_info.cc(608)] range at 0xfffac000, size 0xf84 fully unreadable
[0312/190218:ERROR:process_info.cc(608)] range at 0xfffa9000, size 0xf84 fully unreadable
[0312/190218:ERROR:process_info.cc(608)] range at 0xfffa6000, size 0xf84 fully unreadable
[0312/190219:ERROR:process_info.cc(608)] range at 0xfffde000, size 0x230 fully unreadable
[0312/190219:ERROR:process_info.cc(608)] range at 0xfffdd000, size 0xf84 fully unreadable
[0312/190219:ERROR:process_info.cc(608)] range at 0xfffda000, size 0xf84 fully unreadable
[0312/190219:ERROR:process_info.cc(608)] range at 0xfffd7000, size 0xf84 fully unreadable
[0312/190219:ERROR:process_info.cc(608)] range at 0xfffaf000, size 0xf84 fully unreadable
[0312/190219:ERROR:process_info.cc(608)] range at 0xfffde000, size 0x230 fully unreadable
[0312/190219:ERROR:process_info.cc(608)] range at 0xfffdd000, size 0xf84 fully unreadable
[0312/190219:ERROR:process_info.cc(608)] range at 0xfffda000, size 0xf84 fully unreadable
[0312/190219:ERROR:process_info.cc(608)] range at 0xfffd7000, size 0xf84 fully unreadable
[0312/190219:ERROR:process_info.cc(608)] range at 0xfffaf000, size 0xf84 fully unreadable
[0312/190219:ERROR:process_info.cc(608)] range at 0xfffde000, size 0x230 fully unreadable
[0312/190219:ERROR:process_info.cc(608)] range at 0xfffde000, size 0x230 fully unreadable
[0312/190229:ERROR:process_info.cc(608)] range at 0xfffde000, size 0x230 fully unreadable
[0312/190229:ERROR:process_info.cc(608)] range at 0xfffde000, size 0x230 fully unreadable
[0312/190229:ERROR:process_info.cc(608)] range at 0xfffdd000, size 0xf84 fully unreadable
[0312/190229:ERROR:process_info.cc(608)] range at 0xfffde000, size 0x230 fully unreadable
[0312/190229:ERROR:process_info.cc(608)] range at 0xfffdd000, size 0xf84 fully unreadable
[0312/190229:ERROR:process_info.cc(608)] range at 0xfffdd000, size 0xf84 fully unreadable
[0312/190229:ERROR:process_info.cc(608)] range at 0xfffda000, size 0xf84 fully unreadable
[0312/190229:ERROR:process_info.cc(608)] range at 0xfffd7000, size 0xf84 fully unreadable
[0312/190229:ERROR:process_info.cc(608)] range at 0xfffaf000, size 0xf84 fully unreadable
[0312/191224:ERROR:process_info.cc(608)] range at 0xfffde000, size 0x230 fully unreadable
[0312/191224:ERROR:process_info.cc(608)] range at 0xfffde000, size 0x230 fully unreadable
[0312/191224:ERROR:process_info.cc(608)] range at 0xfffde000, size 0x230 fully unreadable
[0312/191224:ERROR:process_info.cc(608)] range at 0xfffde000, size 0x230 fully unreadable
[0312/191225:ERROR:process_info.cc(608)] range at 0xfffde000, size 0x230 fully unreadable
[0312/191225:ERROR:process_reader_win.cc(82)] NtQuerySystemInformation: {Not Enough Quota} Not enough virtual memory or paging file quota is available to complete the specified operation.  (0xc0000017)
[0312/191225:ERROR:exception_snapshot_win.cc(56)] thread ID 61752 not found in process
[0312/191225:WARNING:crash_report_exception_handler.cc(60)] ProcessSnapshotWin::InitializeException failed
[0312/191225:ERROR:process_info.cc(608)] range at 0xfffde000, size 0x230 fully unreadable
[0312/191225:ERROR:process_reader_win.cc(82)] NtQuerySystemInformation: {Not Enough Quota} Not enough virtual memory or paging file quota is available to complete the specified operation.  (0xc0000017)
[0312/191225:ERROR:exception_snapshot_win.cc(56)] thread ID 63092 not found in process
[0312/191225:WARNING:crash_report_exception_handler.cc(60)] ProcessSnapshotWin::InitializeException failed
[0312/191235:ERROR:process_info.cc(608)] range at 0xfffde000, size 0x230 fully unreadable
[0312/191235:ERROR:process_info.cc(608)] range at 0xfffdd000, size 0xf84 fully unreadable
[0312/191235:ERROR:process_info.cc(608)] range at 0xfffda000, size 0xf84 fully unreadable
[0312/191235:ERROR:process_info.cc(608)] range at 0xfffd7000, size 0xf84 fully unreadable
[0312/191235:ERROR:process_info.cc(608)] range at 0xfffaf000, size 0xf84 fully unreadable
[0312/191235:ERROR:process_info.cc(608)] range at 0xfffac000, size 0xf84 fully unreadable
[0312/191235:ERROR:process_info.cc(608)] range at 0xfffa6000, size 0xf84 fully unreadable
[0312/191235:ERROR:process_info.cc(608)] range at 0xfffa9000, size 0xf84 fully unreadable
[0312/191235:ERROR:process_info.cc(608)] range at 0xfffa3000, size 0xf84 fully unreadable
[0312/191235:ERROR:process_info.cc(608)] range at 0xfffa0000, size 0xf84 fully unreadable
[0312/191235:ERROR:process_info.cc(608)] range at 0xfff9d000, size 0xf84 fully unreadable
[0312/191235:ERROR:process_info.cc(608)] range at 0xfff9a000, size 0xf84 fully unreadable
[0312/191235:ERROR:process_info.cc(608)] range at 0xfff97000, size 0xf84 fully unreadable
[0312/191235:ERROR:process_info.cc(372)] NtQuerySystemInformation SystemExtendedHandleInformation: {Not Enough Quota} Not enough virtual memory or paging file quota is available to complete the specified operation.  (0xc0000017)
[0312/192232:ERROR:process_info.cc(608)] range at 0xfffde000, size 0x230 fully unreadable
[0312/192232:ERROR:process_info.cc(608)] range at 0xfffde000, size 0x230 fully unreadable
[0312/192232:ERROR:process_info.cc(608)] range at 0xfffde000, size 0x230 fully unreadable
[0312/192242:ERROR:process_info.cc(608)] range at 0xfffde000, size 0x230 fully unreadable
[0312/192242:ERROR:process_info.cc(608)] range at 0xfffde000, size 0x230 fully unreadable
[0312/192242:ERROR:process_info.cc(608)] range at 0xfffdd000, size 0xf84 fully unreadable
[0312/192242:ERROR:process_info.cc(608)] range at 0xfffda000, size 0xf84 fully unreadable
[0312/192242:ERROR:process_info.cc(608)] range at 0xfffd7000, size 0xf84 fully unreadable
[0312/192242:ERROR:process_info.cc(608)] range at 0xfffaf000, size 0xf84 fully unreadable
[0312/192242:ERROR:process_info.cc(608)] range at 0xfffac000, size 0xf84 fully unreadable
[0312/192242:ERROR:process_info.cc(608)] range at 0xfffa6000, size 0xf84 fully unreadable
[0312/192242:ERROR:process_info.cc(608)] range at 0xfffa3000, size 0xf84 fully unreadable
[0312/192242:ERROR:process_info.cc(608)] range at 0xfffa0000, size 0xf84 fully unreadable
[0312/192242:ERROR:process_info.cc(608)] range at 0xfff9d000, size 0xf84 fully unreadable
[0312/192242:ERROR:process_info.cc(608)] range at 0xfffa9000, size 0xf84 fully unreadable
[0312/192242:ERROR:process_info.cc(608)] range at 0xfff9a000, size 0xf84 fully unreadable
[0312/192242:ERROR:process_info.cc(608)] range at 0xfff97000, size 0xf84 fully unreadable
[0312/192242:ERROR:process_info.cc(608)] range at 0xfff94000, size 0xf84 fully unreadable
[0312/192242:ERROR:process_info.cc(608)] range at 0xfff91000, size 0xf84 fully unreadable
[0312/192242:ERROR:process_info.cc(608)] range at 0xfff8e000, size 0xf84 fully unreadable
[0312/192242:ERROR:process_info.cc(608)] range at 0xfff8b000, size 0xf84 fully unreadable
[0312/192242:ERROR:process_info.cc(608)] range at 0xfff88000, size 0xf84 fully unreadable
[0312/192242:ERROR:process_info.cc(608)] range at 0xfffdd000, size 0xf84 fully unreadable
[0312/192242:ERROR:process_info.cc(608)] range at 0xfff85000, size 0xf84 fully unreadable
[0312/192242:ERROR:process_info.cc(608)] range at 0xfffda000, size 0xf84 fully unreadable
[0312/192242:ERROR:process_info.cc(608)] range at 0xfff82000, size 0xf84 fully unreadable
[0312/192242:ERROR:process_info.cc(608)] range at 0xfff7f000, size 0xf84 fully unreadable
[0312/192242:ERROR:process_info.cc(608)] range at 0xfffd7000, size 0xf84 fully unreadable
[0312/192242:ERROR:process_info.cc(608)] range at 0xfff7c000, size 0xf84 fully unreadable
[0312/192242:ERROR:process_info.cc(608)] range at 0xfffaf000, size 0xf84 fully unreadable
[0312/192242:ERROR:process_info.cc(608)] range at 0xfff79000, size 0xf84 fully unreadable
[0312/192242:ERROR:process_info.cc(608)] range at 0xfffac000, size 0xf84 fully unreadable
[0312/192242:ERROR:process_info.cc(608)] range at 0xfff76000, size 0xf84 fully unreadable
[0312/192242:ERROR:process_info.cc(608)] range at 0xfffa6000, size 0xf84 fully unreadable
[0312/192242:ERROR:process_info.cc(608)] range at 0xfff73000, size 0xf84 fully unreadable
[0312/192242:ERROR:process_info.cc(608)] range at 0xfff70000, size 0xf84 fully unreadable
[0312/192242:ERROR:process_info.cc(608)] range at 0xfffa3000, size 0xf84 fully unreadable
[0312/192242:ERROR:process_info.cc(608)] range at 0xfff6d000, size 0xf84 fully unreadable
[0312/192242:ERROR:process_info.cc(608)] range at 0xfffa9000, size 0xf84 fully unreadable
[0312/192242:ERROR:process_info.cc(608)] range at 0xfff6a000, size 0xf84 fully unreadable
[0312/192242:ERROR:process_info.cc(608)] range at 0xfffa0000, size 0xf84 fully unreadable
[0312/192242:ERROR:process_info.cc(608)] range at 0xfff67000, size 0xf84 fully unreadable
[0312/192242:ERROR:process_info.cc(608)] range at 0xfff9d000, size 0xf84 fully unreadable
[0312/192242:ERROR:process_info.cc(608)] range at 0xfff64000, size 0xf84 fully unreadable
[0312/192242:ERROR:process_info.cc(608)] range at 0xfff9a000, size 0xf84 fully unreadable
[0312/192242:ERROR:process_info.cc(608)] range at 0xfff61000, size 0xf84 fully unreadable
[0312/192242:ERROR:process_info.cc(608)] range at 0xfff97000, size 0xf84 fully unreadable
[0312/192242:ERROR:process_info.cc(608)] range at 0xfff94000, size 0xf84 fully unreadable
[0312/192242:ERROR:process_info.cc(608)] range at 0xfff91000, size 0xf84 fully unreadable
[0312/192242:ERROR:process_info.cc(608)] range at 0xfff8e000, size 0xf84 fully unreadable
[0312/192242:ERROR:process_info.cc(608)] range at 0xfff8b000, size 0xf84 fully unreadable
[0312/192242:ERROR:process_info.cc(608)] range at 0xfff88000, size 0xf84 fully unreadable
[0312/192242:ERROR:process_info.cc(608)] range at 0xfff85000, size 0xf84 fully unreadable
[0312/192242:ERROR:process_info.cc(608)] range at 0xfff82000, size 0xf84 fully unreadable
[0312/192242:ERROR:process_info.cc(608)] range at 0xfff7f000, size 0xf84 fully unreadable
[0312/192242:ERROR:process_info.cc(608)] range at 0xfff7c000, size 0xf84 fully unreadable
[0312/192242:ERROR:process_info.cc(608)] range at 0xfff79000, size 0xf84 fully unreadable
[0312/192242:ERROR:process_info.cc(608)] range at 0xfff76000, size 0xf84 fully unreadable
[0312/192242:ERROR:process_info.cc(608)] range at 0xfff73000, size 0xf84 fully unreadable
[0312/192242:ERROR:process_info.cc(608)] range at 0xfff70000, size 0xf84 fully unreadable
[0312/192242:ERROR:process_info.cc(608)] range at 0xfff6d000, size 0xf84 fully unreadable
[0312/192242:ERROR:process_info.cc(608)] range at 0xfff6a000, size 0xf84 fully unreadable
[0312/192242:ERROR:process_info.cc(608)] range at 0xfff67000, size 0xf84 fully unreadable
[0312/192242:ERROR:process_info.cc(608)] range at 0xfff64000, size 0xf84 fully unreadable
[0312/192242:ERROR:process_info.cc(608)] range at 0xfff61000, size 0xf84 fully unreadable
[0312/192242:ERROR:process_info.cc(608)] range at 0xfff5e000, size 0xf84 fully unreadable
